-------------------------------------------------------------------------------
Test set: domain.BaseUserRepositoryTests
-------------------------------------------------------------------------------
Tests run: 1, Failures: 0, Errors: 1, Skipped: 0, Time elapsed: 0.157 s <<< FAILURE! - in domain.BaseUserRepositoryTests
initializationError(domain.BaseUserRepositoryTests)  Time elapsed: 0.004 s  <<< ERROR!
java.lang.Exception: No runnable methods

